2019-06-04 14:29:43,895 [Worker-5] INFO  c.g.t.t.d.PublishedGradleVersions - Gradle version information cache is up-to-date. Trying to read.
2019-06-04 15:30:01,337 [Worker-17] INFO  o.e.m.c.i.l.LifecycleMappingFactory - Using org.eclipse.m2e.jdt.JarLifecycleMapping lifecycle mapping for MavenProject: com.qa:AccountSETemplate:0.0.1-SNAPSHOT @ C:\Users\Admin\helloworld project\AccountSETemplate\pom.xml.
2019-06-04 15:30:02,119 [Worker-17] INFO  o.e.m.j.i.AbstractJavaProjectConfigurator - Adding source folder /AccountSETemplate/src/main/java
2019-06-04 15:30:02,119 [Worker-17] INFO  o.e.m.j.i.AbstractJavaProjectConfigurator - Adding source folder /AccountSETemplate/src/test/java
2019-06-04 15:30:02,165 [Worker-17] INFO  o.e.m.c.i.p.ProjectConfigurationManager - Imported and configured 1 project(s) in 3 sec
2019-06-04 15:30:02,572 [Worker-26] WARN  o.e.m.c.i.embedder.EclipseLogger - Using platform encoding (Cp1252 actually) to copy filtered resources, i.e. build is platform dependent!
2019-06-04 15:30:02,587 [Worker-26] INFO  o.e.m.c.i.embedder.EclipseLogger - skip non existing resourceDirectory C:\Users\Admin\helloworld project\AccountSETemplate\src\main\resources
2019-06-04 15:30:02,587 [Worker-26] WARN  o.e.m.c.i.embedder.EclipseLogger - Using platform encoding (Cp1252 actually) to copy filtered resources, i.e. build is platform dependent!
2019-06-04 15:30:02,587 [Worker-26] INFO  o.e.m.c.i.embedder.EclipseLogger - skip non existing resourceDirectory C:\Users\Admin\helloworld project\AccountSETemplate\src\test\resources
2019-06-04 15:32:48,012 [Worker-25] INFO  o.e.m.c.i.p.ProjectConfigurationManager - Update started
2019-06-04 15:32:48,262 [Worker-25] INFO  o.e.m.c.i.l.LifecycleMappingFactory - Using org.eclipse.m2e.jdt.JarLifecycleMapping lifecycle mapping for MavenProject: com.qa:AccountSETemplate:0.0.1-SNAPSHOT @ C:\Users\Admin\helloworld project\AccountSETemplate\pom.xml.
2019-06-04 15:32:48,389 [Worker-25] INFO  o.e.m.j.i.AbstractJavaProjectConfigurator - Adding source folder /AccountSETemplate/src/main/java
2019-06-04 15:32:48,390 [Worker-25] INFO  o.e.m.j.i.AbstractJavaProjectConfigurator - Adding source folder /AccountSETemplate/src/test/java
2019-06-04 15:32:48,429 [Worker-25] INFO  o.e.m.c.i.p.ProjectConfigurationManager - Update completed: 0 sec
2019-06-04 15:32:48,587 [Worker-26] WARN  o.e.m.c.i.embedder.EclipseLogger - Using platform encoding (Cp1252 actually) to copy filtered resources, i.e. build is platform dependent!
2019-06-04 15:32:48,587 [Worker-26] INFO  o.e.m.c.i.embedder.EclipseLogger - skip non existing resourceDirectory C:\Users\Admin\helloworld project\AccountSETemplate\src\main\resources
2019-06-04 15:32:48,599 [Worker-26] WARN  o.e.m.c.i.embedder.EclipseLogger - Using platform encoding (Cp1252 actually) to copy filtered resources, i.e. build is platform dependent!
2019-06-04 15:32:48,604 [Worker-26] INFO  o.e.m.c.i.embedder.EclipseLogger - skip non existing resourceDirectory C:\Users\Admin\helloworld project\AccountSETemplate\src\test\resources
2019-06-04 15:33:20,744 [Worker-25] INFO  o.e.m.i.launch.MavenLaunchDelegate - C:\Users\Admin\helloworld project\AccountSETemplate
2019-06-04 15:33:20,744 [Worker-25] INFO  o.e.m.i.launch.MavenLaunchDelegate -  mvn -B install
2019-06-04 15:33:22,321 [Worker-27] WARN  o.e.m.c.i.embedder.EclipseLogger - Using platform encoding (Cp1252 actually) to copy filtered resources, i.e. build is platform dependent!
2019-06-04 15:33:22,330 [Worker-27] INFO  o.e.m.c.i.embedder.EclipseLogger - skip non existing resourceDirectory C:\Users\Admin\helloworld project\AccountSETemplate\src\main\resources
2019-06-04 15:33:22,332 [Worker-27] WARN  o.e.m.c.i.embedder.EclipseLogger - Using platform encoding (Cp1252 actually) to copy filtered resources, i.e. build is platform dependent!
2019-06-04 15:33:22,340 [Worker-27] INFO  o.e.m.c.i.embedder.EclipseLogger - skip non existing resourceDirectory C:\Users\Admin\helloworld project\AccountSETemplate\src\test\resources
2019-06-04 15:34:44,360 [Worker-28] WARN  o.e.m.c.i.embedder.EclipseLogger - Using platform encoding (Cp1252 actually) to copy filtered resources, i.e. build is platform dependent!
2019-06-04 15:34:44,367 [Worker-28] INFO  o.e.m.c.i.embedder.EclipseLogger - skip non existing resourceDirectory C:\Users\Admin\helloworld project\AccountSETemplate\src\main\resources
2019-06-04 15:34:44,367 [Worker-28] WARN  o.e.m.c.i.embedder.EclipseLogger - Using platform encoding (Cp1252 actually) to copy filtered resources, i.e. build is platform dependent!
2019-06-04 15:34:44,371 [Worker-28] INFO  o.e.m.c.i.embedder.EclipseLogger - skip non existing resourceDirectory C:\Users\Admin\helloworld project\AccountSETemplate\src\test\resources
2019-06-04 15:34:50,983 [Worker-28] INFO  o.e.m.i.launch.MavenLaunchDelegate - C:\Users\Admin\helloworld project\AccountSETemplate
2019-06-04 15:34:50,983 [Worker-28] INFO  o.e.m.i.launch.MavenLaunchDelegate -  mvn -B install
2019-06-04 15:34:54,138 [Worker-28] WARN  o.e.m.c.i.embedder.EclipseLogger - Using platform encoding (Cp1252 actually) to copy filtered resources, i.e. build is platform dependent!
2019-06-04 15:34:54,138 [Worker-28] INFO  o.e.m.c.i.embedder.EclipseLogger - skip non existing resourceDirectory C:\Users\Admin\helloworld project\AccountSETemplate\src\main\resources
2019-06-04 15:34:54,138 [Worker-28] WARN  o.e.m.c.i.embedder.EclipseLogger - Using platform encoding (Cp1252 actually) to copy filtered resources, i.e. build is platform dependent!
2019-06-04 15:34:54,154 [Worker-28] INFO  o.e.m.c.i.embedder.EclipseLogger - skip non existing resourceDirectory C:\Users\Admin\helloworld project\AccountSETemplate\src\test\resources
2019-06-04 15:35:20,943 [Worker-28] WARN  o.e.m.c.i.embedder.EclipseLogger - Using platform encoding (Cp1252 actually) to copy filtered resources, i.e. build is platform dependent!
2019-06-04 15:35:20,943 [Worker-28] INFO  o.e.m.c.i.embedder.EclipseLogger - skip non existing resourceDirectory C:\Users\Admin\helloworld project\AccountSETemplate\src\main\resources
2019-06-04 15:35:20,943 [Worker-28] WARN  o.e.m.c.i.embedder.EclipseLogger - Using platform encoding (Cp1252 actually) to copy filtered resources, i.e. build is platform dependent!
2019-06-04 15:35:20,943 [Worker-28] INFO  o.e.m.c.i.embedder.EclipseLogger - skip non existing resourceDirectory C:\Users\Admin\helloworld project\AccountSETemplate\src\test\resources
2019-06-04 15:36:00,922 [Worker-28] INFO  o.e.m.c.i.p.ProjectConfigurationManager - Update started
2019-06-04 15:36:01,172 [Worker-28] INFO  o.e.m.c.i.l.LifecycleMappingFactory - Using org.eclipse.m2e.jdt.JarLifecycleMapping lifecycle mapping for MavenProject: com.qa:AccountSETemplate:0.0.1-SNAPSHOT @ C:\Users\Admin\helloworld project\AccountSETemplate\pom.xml.
2019-06-04 15:36:01,250 [Worker-28] INFO  o.e.m.j.i.AbstractJavaProjectConfigurator - Adding source folder /AccountSETemplate/src/main/java
2019-06-04 15:36:01,250 [Worker-28] INFO  o.e.m.j.i.AbstractJavaProjectConfigurator - Adding source folder /AccountSETemplate/src/test/java
2019-06-04 15:36:01,297 [Worker-28] INFO  o.e.m.c.i.p.ProjectConfigurationManager - Update completed: 0 sec
2019-06-04 15:36:01,437 [Worker-28] WARN  o.e.m.c.i.embedder.EclipseLogger - Using platform encoding (Cp1252 actually) to copy filtered resources, i.e. build is platform dependent!
2019-06-04 15:36:01,437 [Worker-28] INFO  o.e.m.c.i.embedder.EclipseLogger - skip non existing resourceDirectory C:\Users\Admin\helloworld project\AccountSETemplate\src\main\resources
2019-06-04 15:36:01,437 [Worker-28] WARN  o.e.m.c.i.embedder.EclipseLogger - Using platform encoding (Cp1252 actually) to copy filtered resources, i.e. build is platform dependent!
2019-06-04 15:36:01,453 [Worker-28] INFO  o.e.m.c.i.embedder.EclipseLogger - skip non existing resourceDirectory C:\Users\Admin\helloworld project\AccountSETemplate\src\test\resources
2019-06-04 15:36:05,126 [Worker-25] INFO  o.e.m.i.launch.MavenLaunchDelegate - C:\Users\Admin\helloworld project\AccountSETemplate
2019-06-04 15:36:05,126 [Worker-25] INFO  o.e.m.i.launch.MavenLaunchDelegate -  mvn -B install
2019-06-04 15:36:06,931 [Worker-24] WARN  o.e.m.c.i.embedder.EclipseLogger - Using platform encoding (Cp1252 actually) to copy filtered resources, i.e. build is platform dependent!
2019-06-04 15:36:06,931 [Worker-24] INFO  o.e.m.c.i.embedder.EclipseLogger - skip non existing resourceDirectory C:\Users\Admin\helloworld project\AccountSETemplate\src\main\resources
2019-06-04 15:36:06,931 [Worker-24] WARN  o.e.m.c.i.embedder.EclipseLogger - Using platform encoding (Cp1252 actually) to copy filtered resources, i.e. build is platform dependent!
2019-06-04 15:36:06,931 [Worker-24] INFO  o.e.m.c.i.embedder.EclipseLogger - skip non existing resourceDirectory C:\Users\Admin\helloworld project\AccountSETemplate\src\test\resources
2019-06-04 15:37:30,268 [Worker-27] INFO  o.e.m.c.i.p.ProjectConfigurationManager - Update started
2019-06-04 15:37:30,472 [Worker-27] INFO  o.e.m.c.i.l.LifecycleMappingFactory - Using org.eclipse.m2e.jdt.JarLifecycleMapping lifecycle mapping for MavenProject: com.qa:AccountSETemplate:0.0.1-SNAPSHOT @ C:\Users\Admin\helloworld project\AccountSETemplate\pom.xml.
2019-06-04 15:37:30,550 [Worker-27] INFO  o.e.m.j.i.AbstractJavaProjectConfigurator - Adding source folder /AccountSETemplate/src/main/java
2019-06-04 15:37:30,550 [Worker-27] INFO  o.e.m.j.i.AbstractJavaProjectConfigurator - Adding source folder /AccountSETemplate/src/test/java
2019-06-04 15:37:30,597 [Worker-27] INFO  o.e.m.c.i.p.ProjectConfigurationManager - Update completed: 0 sec
2019-06-04 15:37:30,737 [Worker-28] WARN  o.e.m.c.i.embedder.EclipseLogger - Using platform encoding (Cp1252 actually) to copy filtered resources, i.e. build is platform dependent!
2019-06-04 15:37:30,737 [Worker-28] INFO  o.e.m.c.i.embedder.EclipseLogger - skip non existing resourceDirectory C:\Users\Admin\helloworld project\AccountSETemplate\src\main\resources
2019-06-04 15:37:30,753 [Worker-28] WARN  o.e.m.c.i.embedder.EclipseLogger - Using platform encoding (Cp1252 actually) to copy filtered resources, i.e. build is platform dependent!
2019-06-04 15:37:30,753 [Worker-28] INFO  o.e.m.c.i.embedder.EclipseLogger - skip non existing resourceDirectory C:\Users\Admin\helloworld project\AccountSETemplate\src\test\resources
2019-06-04 15:37:34,552 [Worker-25] INFO  o.e.m.i.launch.MavenLaunchDelegate - C:\Users\Admin\helloworld project\AccountSETemplate
2019-06-04 15:37:34,552 [Worker-25] INFO  o.e.m.i.launch.MavenLaunchDelegate -  mvn -B install
2019-06-04 15:37:36,331 [Worker-27] WARN  o.e.m.c.i.embedder.EclipseLogger - Using platform encoding (Cp1252 actually) to copy filtered resources, i.e. build is platform dependent!
2019-06-04 15:37:36,331 [Worker-27] INFO  o.e.m.c.i.embedder.EclipseLogger - skip non existing resourceDirectory C:\Users\Admin\helloworld project\AccountSETemplate\src\main\resources
2019-06-04 15:37:36,347 [Worker-27] WARN  o.e.m.c.i.embedder.EclipseLogger - Using platform encoding (Cp1252 actually) to copy filtered resources, i.e. build is platform dependent!
2019-06-04 15:37:36,347 [Worker-27] INFO  o.e.m.c.i.embedder.EclipseLogger - skip non existing resourceDirectory C:\Users\Admin\helloworld project\AccountSETemplate\src\test\resources
2019-06-04 15:38:05,165 [Worker-25] INFO  o.e.m.c.i.p.ProjectConfigurationManager - Update started
2019-06-04 15:38:05,368 [Worker-25] INFO  o.e.m.c.i.l.LifecycleMappingFactory - Using org.eclipse.m2e.jdt.JarLifecycleMapping lifecycle mapping for MavenProject: com.qa:AccountSETemplate:0.0.1-SNAPSHOT @ C:\Users\Admin\helloworld project\AccountSETemplate\pom.xml.
2019-06-04 15:38:05,430 [Worker-25] INFO  o.e.m.j.i.AbstractJavaProjectConfigurator - Adding source folder /AccountSETemplate/src/main/java
2019-06-04 15:38:05,430 [Worker-25] INFO  o.e.m.j.i.AbstractJavaProjectConfigurator - Adding source folder /AccountSETemplate/src/test/java
2019-06-04 15:38:05,477 [Worker-25] INFO  o.e.m.c.i.p.ProjectConfigurationManager - Update completed: 0 sec
2019-06-04 15:38:05,618 [Worker-25] WARN  o.e.m.c.i.embedder.EclipseLogger - Using platform encoding (Cp1252 actually) to copy filtered resources, i.e. build is platform dependent!
2019-06-04 15:38:05,633 [Worker-25] INFO  o.e.m.c.i.embedder.EclipseLogger - skip non existing resourceDirectory C:\Users\Admin\helloworld project\AccountSETemplate\src\main\resources
2019-06-04 15:38:05,633 [Worker-25] WARN  o.e.m.c.i.embedder.EclipseLogger - Using platform encoding (Cp1252 actually) to copy filtered resources, i.e. build is platform dependent!
2019-06-04 15:38:05,633 [Worker-25] INFO  o.e.m.c.i.embedder.EclipseLogger - skip non existing resourceDirectory C:\Users\Admin\helloworld project\AccountSETemplate\src\test\resources
2019-06-04 15:38:10,911 [Worker-24] INFO  o.e.m.i.launch.MavenLaunchDelegate - C:\Users\Admin\helloworld project\AccountSETemplate
2019-06-04 15:38:10,911 [Worker-24] INFO  o.e.m.i.launch.MavenLaunchDelegate -  mvn -B install
2019-06-04 15:38:12,682 [Worker-29] WARN  o.e.m.c.i.embedder.EclipseLogger - Using platform encoding (Cp1252 actually) to copy filtered resources, i.e. build is platform dependent!
2019-06-04 15:38:12,682 [Worker-29] INFO  o.e.m.c.i.embedder.EclipseLogger - skip non existing resourceDirectory C:\Users\Admin\helloworld project\AccountSETemplate\src\main\resources
2019-06-04 15:38:12,682 [Worker-29] WARN  o.e.m.c.i.embedder.EclipseLogger - Using platform encoding (Cp1252 actually) to copy filtered resources, i.e. build is platform dependent!
2019-06-04 15:38:12,698 [Worker-29] INFO  o.e.m.c.i.embedder.EclipseLogger - skip non existing resourceDirectory C:\Users\Admin\helloworld project\AccountSETemplate\src\test\resources
2019-06-04 15:38:24,849 [Worker-24] WARN  o.e.m.c.i.embedder.EclipseLogger - Using platform encoding (Cp1252 actually) to copy filtered resources, i.e. build is platform dependent!
2019-06-04 15:38:24,864 [Worker-24] INFO  o.e.m.c.i.embedder.EclipseLogger - skip non existing resourceDirectory C:\Users\Admin\helloworld project\AccountSETemplate\src\main\resources
2019-06-04 15:38:24,864 [Worker-24] WARN  o.e.m.c.i.embedder.EclipseLogger - Using platform encoding (Cp1252 actually) to copy filtered resources, i.e. build is platform dependent!
2019-06-04 15:38:24,864 [Worker-24] INFO  o.e.m.c.i.embedder.EclipseLogger - skip non existing resourceDirectory C:\Users\Admin\helloworld project\AccountSETemplate\src\test\resources
2019-06-04 15:38:32,089 [Worker-24] INFO  o.e.m.i.launch.MavenLaunchDelegate - C:\Users\Admin\helloworld project\AccountSETemplate
2019-06-04 15:38:32,089 [Worker-24] INFO  o.e.m.i.launch.MavenLaunchDelegate -  mvn -B install
2019-06-04 15:38:34,900 [Worker-28] WARN  o.e.m.c.i.embedder.EclipseLogger - Using platform encoding (Cp1252 actually) to copy filtered resources, i.e. build is platform dependent!
2019-06-04 15:38:34,900 [Worker-28] INFO  o.e.m.c.i.embedder.EclipseLogger - skip non existing resourceDirectory C:\Users\Admin\helloworld project\AccountSETemplate\src\main\resources
2019-06-04 15:38:34,900 [Worker-28] WARN  o.e.m.c.i.embedder.EclipseLogger - Using platform encoding (Cp1252 actually) to copy filtered resources, i.e. build is platform dependent!
2019-06-04 15:38:34,916 [Worker-28] INFO  o.e.m.c.i.embedder.EclipseLogger - skip non existing resourceDirectory C:\Users\Admin\helloworld project\AccountSETemplate\src\test\resources
2019-06-04 16:21:46,783 [Worker-36] WARN  o.e.m.c.i.embedder.EclipseLogger - Using platform encoding (Cp1252 actually) to copy filtered resources, i.e. build is platform dependent!
2019-06-04 16:21:46,783 [Worker-36] INFO  o.e.m.c.i.embedder.EclipseLogger - skip non existing resourceDirectory C:\Users\Admin\helloworld project\AccountSETemplate\src\main\resources
2019-06-04 16:21:46,783 [Worker-36] WARN  o.e.m.c.i.embedder.EclipseLogger - Using platform encoding (Cp1252 actually) to copy filtered resources, i.e. build is platform dependent!
2019-06-04 16:21:46,783 [Worker-36] INFO  o.e.m.c.i.embedder.EclipseLogger - skip non existing resourceDirectory C:\Users\Admin\helloworld project\AccountSETemplate\src\test\resources
2019-06-04 16:22:59,596 [Worker-35] WARN  o.e.m.c.i.embedder.EclipseLogger - Using platform encoding (Cp1252 actually) to copy filtered resources, i.e. build is platform dependent!
2019-06-04 16:22:59,611 [Worker-35] INFO  o.e.m.c.i.embedder.EclipseLogger - skip non existing resourceDirectory C:\Users\Admin\helloworld project\AccountSETemplate\src\main\resources
2019-06-04 16:22:59,611 [Worker-35] WARN  o.e.m.c.i.embedder.EclipseLogger - Using platform encoding (Cp1252 actually) to copy filtered resources, i.e. build is platform dependent!
2019-06-04 16:22:59,611 [Worker-35] INFO  o.e.m.c.i.embedder.EclipseLogger - skip non existing resourceDirectory C:\Users\Admin\helloworld project\AccountSETemplate\src\test\resources
2019-06-04 16:28:56,625 [Worker-33] WARN  o.e.m.c.i.embedder.EclipseLogger - Using platform encoding (Cp1252 actually) to copy filtered resources, i.e. build is platform dependent!
2019-06-04 16:28:56,631 [Worker-33] INFO  o.e.m.c.i.embedder.EclipseLogger - skip non existing resourceDirectory C:\Users\Admin\helloworld project\AccountSETemplate\src\main\resources
2019-06-04 16:28:56,632 [Worker-33] WARN  o.e.m.c.i.embedder.EclipseLogger - Using platform encoding (Cp1252 actually) to copy filtered resources, i.e. build is platform dependent!
2019-06-04 16:28:56,641 [Worker-33] INFO  o.e.m.c.i.embedder.EclipseLogger - skip non existing resourceDirectory C:\Users\Admin\helloworld project\AccountSETemplate\src\test\resources
2019-06-04 16:31:14,627 [Worker-36] WARN  o.e.m.c.i.embedder.EclipseLogger - Using platform encoding (Cp1252 actually) to copy filtered resources, i.e. build is platform dependent!
2019-06-04 16:31:14,638 [Worker-36] INFO  o.e.m.c.i.embedder.EclipseLogger - skip non existing resourceDirectory C:\Users\Admin\helloworld project\AccountSETemplate\src\main\resources
2019-06-04 16:31:14,651 [Worker-36] WARN  o.e.m.c.i.embedder.EclipseLogger - Using platform encoding (Cp1252 actually) to copy filtered resources, i.e. build is platform dependent!
2019-06-04 16:31:14,665 [Worker-36] INFO  o.e.m.c.i.embedder.EclipseLogger - skip non existing resourceDirectory C:\Users\Admin\helloworld project\AccountSETemplate\src\test\resources
2019-06-04 16:35:48,808 [Worker-37] WARN  o.e.m.c.i.embedder.EclipseLogger - Using platform encoding (Cp1252 actually) to copy filtered resources, i.e. build is platform dependent!
2019-06-04 16:35:48,808 [Worker-37] INFO  o.e.m.c.i.embedder.EclipseLogger - skip non existing resourceDirectory C:\Users\Admin\helloworld project\AccountSETemplate\src\main\resources
2019-06-04 16:35:48,808 [Worker-37] WARN  o.e.m.c.i.embedder.EclipseLogger - Using platform encoding (Cp1252 actually) to copy filtered resources, i.e. build is platform dependent!
2019-06-04 16:35:48,808 [Worker-37] INFO  o.e.m.c.i.embedder.EclipseLogger - skip non existing resourceDirectory C:\Users\Admin\helloworld project\AccountSETemplate\src\test\resources
2019-06-04 16:35:55,572 [Worker-33] WARN  o.e.m.c.i.embedder.EclipseLogger - Using platform encoding (Cp1252 actually) to copy filtered resources, i.e. build is platform dependent!
2019-06-04 16:35:55,572 [Worker-33] INFO  o.e.m.c.i.embedder.EclipseLogger - skip non existing resourceDirectory C:\Users\Admin\helloworld project\AccountSETemplate\src\main\resources
2019-06-04 16:35:55,572 [Worker-33] WARN  o.e.m.c.i.embedder.EclipseLogger - Using platform encoding (Cp1252 actually) to copy filtered resources, i.e. build is platform dependent!
2019-06-04 16:35:55,572 [Worker-33] INFO  o.e.m.c.i.embedder.EclipseLogger - skip non existing resourceDirectory C:\Users\Admin\helloworld project\AccountSETemplate\src\test\resources
2019-06-04 16:36:01,628 [Worker-36] WARN  o.e.m.c.i.embedder.EclipseLogger - Using platform encoding (Cp1252 actually) to copy filtered resources, i.e. build is platform dependent!
2019-06-04 16:36:01,643 [Worker-36] INFO  o.e.m.c.i.embedder.EclipseLogger - skip non existing resourceDirectory C:\Users\Admin\helloworld project\AccountSETemplate\src\main\resources
2019-06-04 16:36:01,643 [Worker-36] WARN  o.e.m.c.i.embedder.EclipseLogger - Using platform encoding (Cp1252 actually) to copy filtered resources, i.e. build is platform dependent!
2019-06-04 16:36:01,643 [Worker-36] INFO  o.e.m.c.i.embedder.EclipseLogger - skip non existing resourceDirectory C:\Users\Admin\helloworld project\AccountSETemplate\src\test\resources
2019-06-04 16:36:08,597 [Worker-33] WARN  o.e.m.c.i.embedder.EclipseLogger - Using platform encoding (Cp1252 actually) to copy filtered resources, i.e. build is platform dependent!
2019-06-04 16:36:08,613 [Worker-33] INFO  o.e.m.c.i.embedder.EclipseLogger - skip non existing resourceDirectory C:\Users\Admin\helloworld project\AccountSETemplate\src\main\resources
2019-06-04 16:36:08,613 [Worker-33] WARN  o.e.m.c.i.embedder.EclipseLogger - Using platform encoding (Cp1252 actually) to copy filtered resources, i.e. build is platform dependent!
2019-06-04 16:36:08,613 [Worker-33] INFO  o.e.m.c.i.embedder.EclipseLogger - skip non existing resourceDirectory C:\Users\Admin\helloworld project\AccountSETemplate\src\test\resources
2019-06-04 16:36:27,869 [Worker-37] WARN  o.e.m.c.i.embedder.EclipseLogger - Using platform encoding (Cp1252 actually) to copy filtered resources, i.e. build is platform dependent!
2019-06-04 16:36:27,869 [Worker-37] INFO  o.e.m.c.i.embedder.EclipseLogger - skip non existing resourceDirectory C:\Users\Admin\helloworld project\AccountSETemplate\src\main\resources
2019-06-04 16:36:27,869 [Worker-37] WARN  o.e.m.c.i.embedder.EclipseLogger - Using platform encoding (Cp1252 actually) to copy filtered resources, i.e. build is platform dependent!
2019-06-04 16:36:27,885 [Worker-37] INFO  o.e.m.c.i.embedder.EclipseLogger - skip non existing resourceDirectory C:\Users\Admin\helloworld project\AccountSETemplate\src\test\resources
2019-06-04 16:36:38,791 [Worker-33] WARN  o.e.m.c.i.embedder.EclipseLogger - Using platform encoding (Cp1252 actually) to copy filtered resources, i.e. build is platform dependent!
2019-06-04 16:36:38,807 [Worker-33] INFO  o.e.m.c.i.embedder.EclipseLogger - skip non existing resourceDirectory C:\Users\Admin\helloworld project\AccountSETemplate\src\main\resources
2019-06-04 16:36:38,807 [Worker-33] WARN  o.e.m.c.i.embedder.EclipseLogger - Using platform encoding (Cp1252 actually) to copy filtered resources, i.e. build is platform dependent!
2019-06-04 16:36:38,807 [Worker-33] INFO  o.e.m.c.i.embedder.EclipseLogger - skip non existing resourceDirectory C:\Users\Admin\helloworld project\AccountSETemplate\src\test\resources
2019-06-04 16:36:40,862 [Worker-40] WARN  o.e.m.c.i.embedder.EclipseLogger - Using platform encoding (Cp1252 actually) to copy filtered resources, i.e. build is platform dependent!
2019-06-04 16:36:40,877 [Worker-40] INFO  o.e.m.c.i.embedder.EclipseLogger - skip non existing resourceDirectory C:\Users\Admin\helloworld project\AccountSETemplate\src\main\resources
2019-06-04 16:36:40,877 [Worker-40] WARN  o.e.m.c.i.embedder.EclipseLogger - Using platform encoding (Cp1252 actually) to copy filtered resources, i.e. build is platform dependent!
2019-06-04 16:36:40,877 [Worker-40] INFO  o.e.m.c.i.embedder.EclipseLogger - skip non existing resourceDirectory C:\Users\Admin\helloworld project\AccountSETemplate\src\test\resources
2019-06-04 16:37:05,051 [Worker-42] WARN  o.e.m.c.i.embedder.EclipseLogger - Using platform encoding (Cp1252 actually) to copy filtered resources, i.e. build is platform dependent!
2019-06-04 16:37:05,051 [Worker-42] INFO  o.e.m.c.i.embedder.EclipseLogger - skip non existing resourceDirectory C:\Users\Admin\helloworld project\AccountSETemplate\src\main\resources
2019-06-04 16:37:05,051 [Worker-42] WARN  o.e.m.c.i.embedder.EclipseLogger - Using platform encoding (Cp1252 actually) to copy filtered resources, i.e. build is platform dependent!
2019-06-04 16:37:05,067 [Worker-42] INFO  o.e.m.c.i.embedder.EclipseLogger - skip non existing resourceDirectory C:\Users\Admin\helloworld project\AccountSETemplate\src\test\resources
2019-06-04 16:37:12,131 [Worker-33] WARN  o.e.m.c.i.embedder.EclipseLogger - Using platform encoding (Cp1252 actually) to copy filtered resources, i.e. build is platform dependent!
2019-06-04 16:37:12,131 [Worker-33] INFO  o.e.m.c.i.embedder.EclipseLogger - skip non existing resourceDirectory C:\Users\Admin\helloworld project\AccountSETemplate\src\main\resources
2019-06-04 16:37:12,131 [Worker-33] WARN  o.e.m.c.i.embedder.EclipseLogger - Using platform encoding (Cp1252 actually) to copy filtered resources, i.e. build is platform dependent!
2019-06-04 16:37:12,147 [Worker-33] INFO  o.e.m.c.i.embedder.EclipseLogger - skip non existing resourceDirectory C:\Users\Admin\helloworld project\AccountSETemplate\src\test\resources
2019-06-04 16:40:20,676 [Worker-37] WARN  o.e.m.c.i.embedder.EclipseLogger - Using platform encoding (Cp1252 actually) to copy filtered resources, i.e. build is platform dependent!
2019-06-04 16:40:20,676 [Worker-37] INFO  o.e.m.c.i.embedder.EclipseLogger - skip non existing resourceDirectory C:\Users\Admin\helloworld project\AccountSETemplate\src\main\resources
2019-06-04 16:40:20,676 [Worker-37] WARN  o.e.m.c.i.embedder.EclipseLogger - Using platform encoding (Cp1252 actually) to copy filtered resources, i.e. build is platform dependent!
2019-06-04 16:40:20,676 [Worker-37] INFO  o.e.m.c.i.embedder.EclipseLogger - skip non existing resourceDirectory C:\Users\Admin\helloworld project\AccountSETemplate\src\test\resources
2019-06-04 16:40:47,025 [Worker-36] WARN  o.e.m.c.i.embedder.EclipseLogger - Using platform encoding (Cp1252 actually) to copy filtered resources, i.e. build is platform dependent!
2019-06-04 16:40:47,025 [Worker-36] INFO  o.e.m.c.i.embedder.EclipseLogger - skip non existing resourceDirectory C:\Users\Admin\helloworld project\AccountSETemplate\src\main\resources
2019-06-04 16:40:47,025 [Worker-36] WARN  o.e.m.c.i.embedder.EclipseLogger - Using platform encoding (Cp1252 actually) to copy filtered resources, i.e. build is platform dependent!
2019-06-04 16:40:47,025 [Worker-36] INFO  o.e.m.c.i.embedder.EclipseLogger - skip non existing resourceDirectory C:\Users\Admin\helloworld project\AccountSETemplate\src\test\resources
2019-06-04 17:02:16,901 [Worker-37] WARN  o.e.m.c.i.embedder.EclipseLogger - Using platform encoding (Cp1252 actually) to copy filtered resources, i.e. build is platform dependent!
2019-06-04 17:02:16,901 [Worker-37] INFO  o.e.m.c.i.embedder.EclipseLogger - skip non existing resourceDirectory C:\Users\Admin\helloworld project\AccountSETemplate\src\main\resources
2019-06-04 17:02:16,901 [Worker-37] WARN  o.e.m.c.i.embedder.EclipseLogger - Using platform encoding (Cp1252 actually) to copy filtered resources, i.e. build is platform dependent!
2019-06-04 17:02:16,901 [Worker-37] INFO  o.e.m.c.i.embedder.EclipseLogger - skip non existing resourceDirectory C:\Users\Admin\helloworld project\AccountSETemplate\src\test\resources
2019-06-04 17:04:07,066 [Worker-49] WARN  o.e.m.c.i.embedder.EclipseLogger - Using platform encoding (Cp1252 actually) to copy filtered resources, i.e. build is platform dependent!
2019-06-04 17:04:07,066 [Worker-49] INFO  o.e.m.c.i.embedder.EclipseLogger - skip non existing resourceDirectory C:\Users\Admin\helloworld project\AccountSETemplate\src\main\resources
2019-06-04 17:04:07,066 [Worker-49] WARN  o.e.m.c.i.embedder.EclipseLogger - Using platform encoding (Cp1252 actually) to copy filtered resources, i.e. build is platform dependent!
2019-06-04 17:04:07,082 [Worker-49] INFO  o.e.m.c.i.embedder.EclipseLogger - skip non existing resourceDirectory C:\Users\Admin\helloworld project\AccountSETemplate\src\test\resources
